<?xml version="1.0" encoding="UTF-8"?>
<testsuite name="AssertEquals" tests="1" skipped="0" failures="0" errors="0" timestamp="2022-10-27T12:04:31" hostname="JISP950" time="0.017">
  <properties/>
  <testcase name="assertDemo()" classname="AssertEquals" time="0.017"/>
  <system-out><![CDATA[]]></system-out>
  <system-err><![CDATA[]]></system-err>
</testsuite>
